2010/07/01 14:46:00 INFO  - jmeter.util.JMeterUtils: Setting Locale to en_US 
2010/07/01 14:46:00 INFO  - jmeter.JMeter: Loading user properties from: /Users/brian/Projects/jmeter-testing/jmeter/bin/user.properties 
2010/07/01 14:46:00 INFO  - jmeter.JMeter: Loading system properties from: /Users/brian/Projects/jmeter-testing/jmeter/bin/system.properties 
2010/07/01 14:46:00 INFO  - jmeter.JMeter: Copyright (c) 1998-2009 The Apache Software Foundation 
2010/07/01 14:46:00 INFO  - jmeter.JMeter: Version 2.3.4 r785646 
2010/07/01 14:46:00 INFO  - jmeter.JMeter: java.version=1.6.0_20 
2010/07/01 14:46:00 INFO  - jmeter.JMeter: java.vm.name=Java HotSpot(TM) 64-Bit Server VM 
2010/07/01 14:46:00 INFO  - jmeter.JMeter: os.name=Mac OS X 
2010/07/01 14:46:00 INFO  - jmeter.JMeter: os.arch=x86_64 
2010/07/01 14:46:00 INFO  - jmeter.JMeter: os.version=10.6.4 
2010/07/01 14:46:00 INFO  - jmeter.JMeter: file.encoding=MacRoman 
2010/07/01 14:46:00 INFO  - jmeter.JMeter: Default Locale=English (United States) 
2010/07/01 14:46:00 INFO  - jmeter.JMeter: JMeter  Locale=English (United States) 
2010/07/01 14:46:00 INFO  - jmeter.JMeter: JMeterHome=/Users/brian/Projects/jmeter-testing/jmeter 
2010/07/01 14:46:00 INFO  - jmeter.JMeter: user.dir  =/Users/brian/Projects/jmeter-testing/jmeter/bin 
2010/07/01 14:46:00 INFO  - jmeter.JMeter: PWD       =/Users/brian/Projects/jmeter-testing/jmeter/bin 
2010/07/01 14:46:00 INFO  - jmeter.JMeter: IP: 10.0.1.20 Name: MacBookPro.local FullName: 10.0.1.20 
2010/07/01 14:46:00 INFO  - jmeter.JMeter: Loaded icon properties from org/apache/jmeter/images/icon.properties 
2010/07/01 14:46:09 INFO  - jmeter.engine.util.CompoundVariable: Note: Function class names must contain the string: '.functions.' 
2010/07/01 14:46:09 INFO  - jmeter.engine.util.CompoundVariable: Note: Function class names must not contain the string: '.gui.' 
2010/07/01 14:46:10 INFO  - jmeter.util.BSFTestElement: Registering JMeter version of JavaScript engine as work-round for BSF-22 
2010/07/01 14:46:10 INFO  - jmeter.protocol.http.sampler.HTTPSamplerBase: Cannot find .className property for htmlParser, using default 
2010/07/01 14:46:10 INFO  - jmeter.protocol.http.sampler.HTTPSamplerBase: Parser for text/html is  
2010/07/01 14:46:10 INFO  - jmeter.protocol.http.sampler.HTTPSamplerBase: Parser for application/xhtml+xml is  
2010/07/01 14:46:10 INFO  - jmeter.protocol.http.sampler.HTTPSamplerBase: Parser for application/xml is  
2010/07/01 14:46:10 INFO  - jmeter.protocol.http.sampler.HTTPSamplerBase: Parser for text/xml is  
2010/07/01 14:46:10 INFO  - jmeter.protocol.http.sampler.HTTPSamplerBase: Parser for text/vnd.wap.wml is org.apache.jmeter.protocol.http.parser.RegexpHTMLParser 
2010/07/01 14:46:11 INFO  - jmeter.gui.util.MenuFactory: Skipping org.apache.jmeter.protocol.http.modifier.gui.ParamModifierGui 
2010/07/01 14:46:11 INFO  - jmeter.gui.util.MenuFactory: Skipping org.apache.jmeter.protocol.http.modifier.gui.UserParameterModifierGui 
2010/07/01 14:46:11 INFO  - jmeter.protocol.http.sampler.HTTPSampler: Maximum connection retries = 10 
2010/07/01 14:46:11 INFO  - jmeter.protocol.http.sampler.HTTPSampler: Connection and read timeouts are available on this JVM 
2010/07/01 14:46:11 WARN  - jmeter.gui.util.MenuFactory: Missing jar? Could not create org.apache.jmeter.visualizers.MailerVisualizer. java.lang.NoClassDefFoundError: javax/mail/MessagingException 
2010/07/01 14:46:11 INFO  - jmeter.samplers.SampleResult: Note: Sample TimeStamps are START times 
2010/07/01 14:46:11 INFO  - jmeter.samplers.SampleResult: sampleresult.default.encoding is set to ISO-8859-1 
2010/07/01 14:46:26 INFO  - jmeter.services.FileServer: Default base=/Users/brian/Projects/jmeter-testing/jmeter/bin 
2010/07/01 14:46:26 INFO  - jmeter.gui.action.Load: Loading file: /Users/brian/Projects/jmeter-testing/tests/MastLabs.jmx 
2010/07/01 14:46:26 INFO  - jmeter.services.FileServer: Set new base=/Users/brian/Projects/jmeter-testing/tests 
2010/07/01 14:46:26 INFO  - jmeter.save.SaveService: Testplan (JMX) version: 2.2. Testlog (JTL) version: 2.2 
2010/07/01 14:46:26 INFO  - jmeter.save.SaveService: Using SaveService properties file encoding UTF-8 
2010/07/01 14:46:26 INFO  - jmeter.save.SaveService: Using SaveService properties file version 697317 
2010/07/01 14:46:26 INFO  - jmeter.save.SaveService: Using SaveService properties version 2.1 
2010/07/01 14:46:26 INFO  - jmeter.save.SaveService: All converter versions present and correct 
2010/07/01 14:46:27 INFO  - jmeter.services.FileServer: Set new base=/Users/brian/Projects/jmeter-testing/tests 
2010/07/01 14:47:41 INFO  - jmeter.engine.StandardJMeterEngine: Listeners will be started after enabling running version 
2010/07/01 14:47:41 INFO  - jmeter.engine.StandardJMeterEngine: To revert to the earlier behaviour, define jmeterengine.startlistenerslater=false 
2010/07/01 14:47:41 INFO  - jmeter.engine.StandardJMeterEngine: Running the test! 
2010/07/01 14:47:41 INFO  - jmeter.gui.util.JMeterMenuBar: setRunning(true,*local*) 
2010/07/01 14:47:41 INFO  - jmeter.engine.StandardJMeterEngine: Starting 50 threads for group Thread Group. Ramp up = 50. 
2010/07/01 14:47:41 INFO  - jmeter.engine.StandardJMeterEngine: Thread will continue on error 
2010/07/01 14:47:41 INFO  - jmeter.threads.JMeterThread: jmeterthread.startearlier=true (see jmeter.properties) 
2010/07/01 14:47:41 INFO  - jmeter.threads.JMeterThread: Running PostProcessors in forward order 
2010/07/01 14:47:41 INFO  - jmeter.threads.JMeterThread: Thread started: Thread Group 1-1 
2010/07/01 14:47:42 INFO  - jmeter.engine.StandardJMeterEngine: All threads have been started 
2010/07/01 14:47:42 INFO  - jmeter.protocol.http.parser.HtmlParserHTMLParser: Using htmlparser version: 2.0 (Release Build Sep 17, 2006) 
2010/07/01 14:47:42 INFO  - jmeter.protocol.http.parser.HTMLParser: Created org.apache.jmeter.protocol.http.parser.HtmlParserHTMLParser 
2010/07/01 14:47:42 INFO  - jmeter.threads.JMeterThread: Thread started: Thread Group 1-2 
2010/07/01 14:47:43 INFO  - jmeter.threads.JMeterThread: Thread started: Thread Group 1-3 
2010/07/01 14:47:44 INFO  - jmeter.threads.JMeterThread: Thread started: Thread Group 1-4 
2010/07/01 14:47:45 INFO  - jmeter.threads.JMeterThread: Thread started: Thread Group 1-5 
2010/07/01 14:47:47 INFO  - jmeter.threads.JMeterThread: Thread started: Thread Group 1-6 
2010/07/01 14:47:48 INFO  - jmeter.threads.JMeterThread: Thread started: Thread Group 1-7 
2010/07/01 14:47:49 INFO  - jmeter.threads.JMeterThread: Thread started: Thread Group 1-8 
2010/07/01 14:47:50 INFO  - jmeter.threads.JMeterThread: Thread started: Thread Group 1-9 
2010/07/01 14:47:51 INFO  - jmeter.threads.JMeterThread: Thread started: Thread Group 1-10 
2010/07/01 14:47:52 INFO  - jmeter.threads.JMeterThread: Thread started: Thread Group 1-11 
2010/07/01 14:47:53 INFO  - jmeter.threads.JMeterThread: Thread started: Thread Group 1-12 
2010/07/01 14:47:54 INFO  - jmeter.threads.JMeterThread: Thread started: Thread Group 1-13 
2010/07/01 14:47:55 INFO  - jmeter.threads.JMeterThread: Thread started: Thread Group 1-14 
2010/07/01 14:47:56 INFO  - jmeter.threads.JMeterThread: Thread started: Thread Group 1-15 
2010/07/01 14:47:57 INFO  - jmeter.threads.JMeterThread: Thread started: Thread Group 1-16 
2010/07/01 14:47:58 INFO  - jmeter.threads.JMeterThread: Thread started: Thread Group 1-17 
2010/07/01 14:47:59 INFO  - jmeter.threads.JMeterThread: Thread started: Thread Group 1-18 
2010/07/01 14:48:00 INFO  - jmeter.threads.JMeterThread: Thread started: Thread Group 1-19 
2010/07/01 14:48:01 INFO  - jmeter.threads.JMeterThread: Thread started: Thread Group 1-20 
2010/07/01 14:48:02 INFO  - jmeter.threads.JMeterThread: Thread started: Thread Group 1-21 
2010/07/01 14:48:03 INFO  - jmeter.threads.JMeterThread: Thread started: Thread Group 1-22 
2010/07/01 14:48:04 INFO  - jmeter.threads.JMeterThread: Thread started: Thread Group 1-23 
2010/07/01 14:48:05 INFO  - jmeter.threads.JMeterThread: Thread started: Thread Group 1-24 
2010/07/01 14:48:06 INFO  - jmeter.threads.JMeterThread: Thread started: Thread Group 1-25 
2010/07/01 14:48:07 INFO  - jmeter.threads.JMeterThread: Thread started: Thread Group 1-26 
2010/07/01 14:48:08 INFO  - jmeter.threads.JMeterThread: Thread started: Thread Group 1-27 
2010/07/01 14:48:09 INFO  - jmeter.threads.JMeterThread: Thread started: Thread Group 1-28 
2010/07/01 14:48:10 INFO  - jmeter.threads.JMeterThread: Thread started: Thread Group 1-29 
2010/07/01 14:48:11 INFO  - jmeter.threads.JMeterThread: Thread started: Thread Group 1-30 
2010/07/01 14:48:12 INFO  - jmeter.threads.JMeterThread: Thread started: Thread Group 1-31 
2010/07/01 14:48:13 INFO  - jmeter.threads.JMeterThread: Thread started: Thread Group 1-32 
2010/07/01 14:48:14 INFO  - jmeter.threads.JMeterThread: Thread started: Thread Group 1-33 
2010/07/01 14:48:15 INFO  - jmeter.threads.JMeterThread: Thread started: Thread Group 1-34 
2010/07/01 14:48:16 INFO  - jmeter.threads.JMeterThread: Thread started: Thread Group 1-35 
2010/07/01 14:48:17 INFO  - jmeter.threads.JMeterThread: Thread started: Thread Group 1-36 
2010/07/01 14:48:18 INFO  - jmeter.threads.JMeterThread: Thread started: Thread Group 1-37 
2010/07/01 14:48:19 INFO  - jmeter.threads.JMeterThread: Thread started: Thread Group 1-38 
2010/07/01 14:48:20 INFO  - jmeter.threads.JMeterThread: Thread started: Thread Group 1-39 
2010/07/01 14:48:21 INFO  - jmeter.threads.JMeterThread: Thread started: Thread Group 1-40 
2010/07/01 14:48:22 INFO  - jmeter.threads.JMeterThread: Thread started: Thread Group 1-41 
2010/07/01 14:48:23 INFO  - jmeter.threads.JMeterThread: Thread started: Thread Group 1-42 
2010/07/01 14:48:24 INFO  - jmeter.threads.JMeterThread: Thread started: Thread Group 1-43 
2010/07/01 14:48:25 INFO  - jmeter.threads.JMeterThread: Thread started: Thread Group 1-44 
2010/07/01 14:48:26 INFO  - jmeter.threads.JMeterThread: Thread started: Thread Group 1-45 
2010/07/01 14:48:27 INFO  - jmeter.threads.JMeterThread: Thread started: Thread Group 1-46 
2010/07/01 14:48:28 INFO  - jmeter.threads.JMeterThread: Thread started: Thread Group 1-47 
2010/07/01 14:48:29 INFO  - jmeter.threads.JMeterThread: Thread started: Thread Group 1-48 
2010/07/01 14:48:30 INFO  - jmeter.threads.JMeterThread: Thread started: Thread Group 1-49 
2010/07/01 14:48:31 INFO  - jmeter.threads.JMeterThread: Thread started: Thread Group 1-50 
2010/07/01 14:49:36 INFO  - jmeter.protocol.http.sampler.HTTPSampler: Error Response Code: 404 
2010/07/01 14:49:55 INFO  - jmeter.protocol.http.sampler.HTTPSampler: Error Response Code: 404 
2010/07/01 14:50:01 INFO  - jmeter.protocol.http.sampler.HTTPSampler: Error Response Code: 404 
2010/07/01 14:50:31 ERROR - jmeter.threads.JMeterThread: Test failed! java.lang.OutOfMemoryError: Java heap space
	at java.util.Arrays.copyOf(Arrays.java:2882)
	at java.lang.AbstractStringBuilder.expandCapacity(AbstractStringBuilder.java:100)
	at java.lang.AbstractStringBuilder.append(AbstractStringBuilder.java:390)
	at java.lang.StringBuffer.append(StringBuffer.java:224)
	at org.apache.jmeter.protocol.http.sampler.HTTPSampler.sample(HTTPSampler.java:473)
	at org.apache.jmeter.protocol.http.sampler.HTTPSamplerBase.sample(HTTPSamplerBase.java:1037)
	at org.apache.jmeter.protocol.http.sampler.HTTPSamplerBase.sample(HTTPSamplerBase.java:1023)
	at org.apache.jmeter.threads.JMeterThread.process_sampler(JMeterThread.java:346)
	at org.apache.jmeter.threads.JMeterThread.run(JMeterThread.java:243)
	at java.lang.Thread.run(Thread.java:637)

2010/07/01 14:50:31 ERROR - jmeter.threads.JMeterThread: Test failed! java.lang.OutOfMemoryError: Java heap space
	at java.nio.HeapByteBuffer.<init>(HeapByteBuffer.java:39)
	at java.nio.ByteBuffer.allocate(ByteBuffer.java:312)
	at sun.nio.cs.StreamEncoder.<init>(StreamEncoder.java:176)
	at sun.nio.cs.StreamEncoder.<init>(StreamEncoder.java:156)
	at sun.nio.cs.StreamEncoder.forOutputStreamWriter(StreamEncoder.java:40)
	at java.io.OutputStreamWriter.<init>(OutputStreamWriter.java:83)
	at java.io.PrintStream.<init>(PrintStream.java:125)
	at sun.net.www.http.HttpClient.openServer(HttpClient.java:396)
	at sun.net.www.http.HttpClient.openServer(HttpClient.java:529)
	at sun.net.www.http.HttpClient.<init>(HttpClient.java:233)
	at sun.net.www.http.HttpClient.New(HttpClient.java:306)
	at sun.net.www.http.HttpClient.New(HttpClient.java:323)
	at sun.net.www.protocol.http.HttpURLConnection.getNewHttpClient(HttpURLConnection.java:860)
	at sun.net.www.protocol.http.HttpURLConnection.plainConnect(HttpURLConnection.java:801)
	at sun.net.www.protocol.http.HttpURLConnection.connect(HttpURLConnection.java:726)
	at sun.net.www.protocol.http.HttpURLConnection.followRedirect(HttpURLConnection.java:1989)
	at sun.net.www.protocol.http.HttpURLConnection.getInputStream(HttpURLConnection.java:1244)
	at sun.net.www.protocol.http.HttpURLConnection.getHeaderField(HttpURLConnection.java:2173)
	at java.net.URLConnection.getHeaderFieldInt(URLConnection.java:579)
	at java.net.URLConnection.getContentLength(URLConnection.java:474)
	at org.apache.jmeter.protocol.http.sampler.HTTPSampler.readResponse(HTTPSampler.java:261)
	at org.apache.jmeter.protocol.http.sampler.HTTPSampler.sample(HTTPSampler.java:522)
	at org.apache.jmeter.protocol.http.sampler.HTTPSamplerBase.sample(HTTPSamplerBase.java:1037)
	at org.apache.jmeter.protocol.http.sampler.HTTPSamplerBase.sample(HTTPSamplerBase.java:1023)
	at org.apache.jmeter.threads.JMeterThread.process_sampler(JMeterThread.java:346)
	at org.apache.jmeter.threads.JMeterThread.run(JMeterThread.java:243)
	at java.lang.Thread.run(Thread.java:637)

2010/07/01 14:50:31 ERROR - jmeter.threads.JMeterThread: Test failed! java.lang.OutOfMemoryError: Java heap space

2010/07/01 14:50:31 INFO  - jmeter.threads.JMeterThread: Thread finished: Thread Group 1-47 
2010/07/01 14:50:31 INFO  - jmeter.engine.StandardJMeterEngine: Ending thread Thread Group 1-47 
2010/07/01 14:50:31 ERROR - jmeter.threads.JMeterThread: Test failed! java.lang.OutOfMemoryError: Java heap space
	at java.net.PlainSocketImpl.getOutputStream(PlainSocketImpl.java:426)
	at java.net.Socket$3.run(Socket.java:839)
	at java.security.AccessController.doPrivileged(Native Method)
	at java.net.Socket.getOutputStream(Socket.java:836)
	at sun.net.www.http.HttpClient.openServer(HttpClient.java:396)
	at sun.net.www.http.HttpClient.openServer(HttpClient.java:529)
	at sun.net.www.http.HttpClient.<init>(HttpClient.java:233)
	at sun.net.www.http.HttpClient.New(HttpClient.java:306)
	at sun.net.www.http.HttpClient.New(HttpClient.java:323)
	at sun.net.www.protocol.http.HttpURLConnection.getNewHttpClient(HttpURLConnection.java:860)
	at sun.net.www.protocol.http.HttpURLConnection.plainConnect(HttpURLConnection.java:801)
	at sun.net.www.protocol.http.HttpURLConnection.connect(HttpURLConnection.java:726)
	at sun.net.www.protocol.http.HttpURLConnection.followRedirect(HttpURLConnection.java:1989)
	at sun.net.www.protocol.http.HttpURLConnection.getInputStream(HttpURLConnection.java:1244)
	at sun.net.www.protocol.http.HttpURLConnection.getHeaderField(HttpURLConnection.java:2173)
	at java.net.URLConnection.getHeaderFieldInt(URLConnection.java:579)
	at java.net.URLConnection.getContentLength(URLConnection.java:474)
	at org.apache.jmeter.protocol.http.sampler.HTTPSampler.readResponse(HTTPSampler.java:261)
	at org.apache.jmeter.protocol.http.sampler.HTTPSampler.sample(HTTPSampler.java:522)
	at org.apache.jmeter.protocol.http.sampler.HTTPSamplerBase.sample(HTTPSamplerBase.java:1037)
	at org.apache.jmeter.protocol.http.sampler.HTTPSamplerBase.sample(HTTPSamplerBase.java:1023)
	at org.apache.jmeter.threads.JMeterThread.process_sampler(JMeterThread.java:346)
	at org.apache.jmeter.threads.JMeterThread.run(JMeterThread.java:243)
	at java.lang.Thread.run(Thread.java:637)

2010/07/01 14:50:31 INFO  - jmeter.threads.JMeterThread: Thread finished: Thread Group 1-48 
2010/07/01 14:50:31 ERROR - jmeter.threads.JMeterThread: Test failed! java.lang.OutOfMemoryError: Java heap space
	at java.lang.AbstractStringBuilder.<init>(AbstractStringBuilder.java:45)
	at java.lang.StringBuffer.<init>(StringBuffer.java:91)
	at org.apache.jmeter.protocol.http.sampler.HTTPSamplerBase.getUrl(HTTPSamplerBase.java:838)
	at org.apache.jmeter.protocol.http.sampler.HTTPSamplerBase.sample(HTTPSamplerBase.java:1037)
	at org.apache.jmeter.protocol.http.sampler.HTTPSamplerBase.sample(HTTPSamplerBase.java:1023)
	at org.apache.jmeter.threads.JMeterThread.process_sampler(JMeterThread.java:346)
	at org.apache.jmeter.threads.JMeterThread.run(JMeterThread.java:243)
	at java.lang.Thread.run(Thread.java:637)

2010/07/01 14:50:31 INFO  - jmeter.threads.JMeterThread: Thread finished: Thread Group 1-25 
2010/07/01 14:50:31 ERROR - jmeter.threads.JMeterThread: Test failed! java.lang.OutOfMemoryError: Java heap space

2010/07/01 14:50:31 INFO  - jmeter.threads.JMeterThread: Thread finished: Thread Group 1-26 
2010/07/01 14:50:31 INFO  - jmeter.threads.JMeterThread: Thread finished: Thread Group 1-28 
2010/07/01 14:50:31 INFO  - jmeter.threads.JMeterThread: Thread finished: Thread Group 1-44 
2010/07/01 14:50:31 INFO  - jmeter.engine.StandardJMeterEngine: Ending thread Thread Group 1-48 
2010/07/01 14:50:31 INFO  - jmeter.engine.StandardJMeterEngine: Ending thread Thread Group 1-44 
2010/07/01 14:50:31 INFO  - jmeter.engine.StandardJMeterEngine: Ending thread Thread Group 1-28 
2010/07/01 14:50:31 INFO  - jmeter.engine.StandardJMeterEngine: Ending thread Thread Group 1-26 
2010/07/01 14:50:31 INFO  - jmeter.engine.StandardJMeterEngine: Ending thread Thread Group 1-25 
2010/07/01 14:50:42 ERROR - jmeter.threads.JMeterThread: Test failed! java.lang.OutOfMemoryError: Java heap space

2010/07/01 14:50:46 INFO  - jmeter.threads.JMeterThread: Thread finished: Thread Group 1-50 
2010/07/01 14:50:45 ERROR - jmeter.threads.JMeterThread: Test failed! java.lang.OutOfMemoryError: Java heap space

2010/07/01 14:50:46 INFO  - jmeter.threads.JMeterThread: Thread finished: Thread Group 1-3 
2010/07/01 14:50:44 ERROR - jmeter.threads.JMeterThread: Test failed! java.lang.OutOfMemoryError: Java heap space

2010/07/01 14:50:46 INFO  - jmeter.threads.JMeterThread: Thread finished: Thread Group 1-37 
2010/07/01 14:50:43 ERROR - jmeter.threads.JMeterThread: Test failed! java.lang.OutOfMemoryError: Java heap space

2010/07/01 14:50:48 INFO  - jmeter.threads.JMeterThread: Thread finished: Thread Group 1-17 
2010/07/01 14:50:47 ERROR - jmeter.threads.JMeterThread: Test failed! java.lang.OutOfMemoryError: Java heap space

2010/07/01 14:50:48 INFO  - jmeter.threads.JMeterThread: Thread finished: Thread Group 1-27 
2010/07/01 14:50:48 ERROR - jmeter.threads.JMeterThread: Test failed! java.lang.OutOfMemoryError: Java heap space

2010/07/01 14:50:48 INFO  - jmeter.threads.JMeterThread: Thread finished: Thread Group 1-1 
2010/07/01 14:50:49 ERROR - jmeter.threads.JMeterThread: Test failed! java.lang.OutOfMemoryError: Java heap space

2010/07/01 14:50:49 INFO  - jmeter.threads.JMeterThread: Thread finished: Thread Group 1-35 
2010/07/01 14:50:49 INFO  - jmeter.engine.StandardJMeterEngine: Ending thread Thread Group 1-50 
2010/07/01 14:50:50 INFO  - jmeter.engine.StandardJMeterEngine: Ending thread Thread Group 1-35 
2010/07/01 14:50:50 INFO  - jmeter.engine.StandardJMeterEngine: Ending thread Thread Group 1-1 
2010/07/01 14:50:50 INFO  - jmeter.engine.StandardJMeterEngine: Ending thread Thread Group 1-27 
2010/07/01 14:50:50 INFO  - jmeter.engine.StandardJMeterEngine: Ending thread Thread Group 1-17 
2010/07/01 14:50:50 INFO  - jmeter.engine.StandardJMeterEngine: Ending thread Thread Group 1-37 
2010/07/01 14:50:50 INFO  - jmeter.engine.StandardJMeterEngine: Ending thread Thread Group 1-3 
2010/07/01 14:50:55 ERROR - jmeter.threads.JMeterThread: Test failed! java.lang.OutOfMemoryError: Java heap space

2010/07/01 14:50:55 INFO  - jmeter.threads.JMeterThread: Thread finished: Thread Group 1-10 
2010/07/01 14:50:55 INFO  - jmeter.engine.StandardJMeterEngine: Ending thread Thread Group 1-10 
2010/07/01 14:51:07 ERROR - jmeter.threads.JMeterThread: Test failed! java.lang.OutOfMemoryError: Java heap space

2010/07/01 14:51:07 INFO  - jmeter.threads.JMeterThread: Thread finished: Thread Group 1-2 
2010/07/01 14:51:07 INFO  - jmeter.engine.StandardJMeterEngine: Ending thread Thread Group 1-2 
2010/07/01 14:51:07 ERROR - jmeter.threads.JMeterThread: Test failed! java.lang.OutOfMemoryError: Java heap space

2010/07/01 14:51:07 INFO  - jmeter.threads.JMeterThread: Thread finished: Thread Group 1-49 
2010/07/01 14:51:07 INFO  - jmeter.engine.StandardJMeterEngine: Ending thread Thread Group 1-49 
2010/07/01 14:51:08 ERROR - jmeter.threads.JMeterThread: Test failed! java.lang.OutOfMemoryError: Java heap space

2010/07/01 14:51:08 INFO  - jmeter.threads.JMeterThread: Thread finished: Thread Group 1-39 
2010/07/01 14:51:08 INFO  - jmeter.engine.StandardJMeterEngine: Ending thread Thread Group 1-39 
2010/07/01 14:51:11 ERROR - jmeter.threads.JMeterThread: Test failed! java.lang.OutOfMemoryError: Java heap space

2010/07/01 14:51:11 INFO  - jmeter.threads.JMeterThread: Thread finished: Thread Group 1-24 
2010/07/01 14:51:11 INFO  - jmeter.engine.StandardJMeterEngine: Ending thread Thread Group 1-24 
2010/07/01 14:51:12 ERROR - jmeter.threads.JMeterThread: Test failed! java.lang.OutOfMemoryError: Java heap space

2010/07/01 14:51:13 INFO  - jmeter.threads.JMeterThread: Thread finished: Thread Group 1-14 
2010/07/01 14:51:13 INFO  - jmeter.engine.StandardJMeterEngine: Ending thread Thread Group 1-14 
2010/07/01 14:51:16 ERROR - jmeter.threads.JMeterThread: Test failed! java.lang.OutOfMemoryError: Java heap space

2010/07/01 14:51:19 INFO  - jmeter.threads.JMeterThread: Thread finished: Thread Group 1-38 
2010/07/01 14:51:19 INFO  - jmeter.engine.StandardJMeterEngine: Ending thread Thread Group 1-38 
2010/07/01 14:51:17 ERROR - jmeter.threads.JMeterThread: Test failed! java.lang.OutOfMemoryError: Java heap space

2010/07/01 14:51:21 INFO  - jmeter.threads.JMeterThread: Thread finished: Thread Group 1-36 
2010/07/01 14:51:21 ERROR - jmeter.threads.JMeterThread: Test failed! java.lang.OutOfMemoryError: Java heap space

2010/07/01 14:51:26 INFO  - jmeter.engine.StandardJMeterEngine: Ending thread Thread Group 1-36 
2010/07/01 14:51:20 ERROR - jmeter.threads.JMeterThread: Test failed! java.lang.OutOfMemoryError: Java heap space

2010/07/01 14:51:26 INFO  - jmeter.threads.JMeterThread: Thread finished: Thread Group 1-5 
2010/07/01 14:51:26 INFO  - jmeter.threads.JMeterThread: Thread finished: Thread Group 1-18 
2010/07/01 14:51:26 ERROR - jmeter.threads.JMeterThread: Test failed! java.lang.OutOfMemoryError: Java heap space

2010/07/01 14:51:27 INFO  - jmeter.threads.JMeterThread: Thread finished: Thread Group 1-23 
2010/07/01 14:51:26 ERROR - jmeter.threads.JMeterThread: Test failed! java.lang.OutOfMemoryError: Java heap space

2010/07/01 14:51:27 INFO  - jmeter.threads.JMeterThread: Thread finished: Thread Group 1-43 
2010/07/01 14:51:25 ERROR - jmeter.threads.JMeterThread: Test failed! java.lang.OutOfMemoryError: Java heap space

2010/07/01 14:51:24 ERROR - jmeter.threads.JMeterThread: Test failed! java.lang.OutOfMemoryError: Java heap space

2010/07/01 14:51:27 INFO  - jmeter.threads.JMeterThread: Thread finished: Thread Group 1-30 
2010/07/01 14:51:27 ERROR - jmeter.threads.JMeterThread: Test failed! java.lang.OutOfMemoryError: Java heap space

2010/07/01 14:51:27 INFO  - jmeter.threads.JMeterThread: Thread finished: Thread Group 1-45 
2010/07/01 14:51:27 INFO  - jmeter.threads.JMeterThread: Thread finished: Thread Group 1-33 
2010/07/01 14:51:27 ERROR - jmeter.threads.JMeterThread: Test failed! java.lang.OutOfMemoryError: Java heap space

2010/07/01 14:51:27 INFO  - jmeter.threads.JMeterThread: Thread finished: Thread Group 1-31 
2010/07/01 14:51:26 INFO  - jmeter.engine.StandardJMeterEngine: Ending thread Thread Group 1-5 
2010/07/01 14:51:27 ERROR - jmeter.threads.JMeterThread: Test failed! java.lang.OutOfMemoryError: Java heap space

2010/07/01 14:51:28 INFO  - jmeter.threads.JMeterThread: Thread finished: Thread Group 1-41 
2010/07/01 14:51:27 INFO  - jmeter.engine.StandardJMeterEngine: Ending thread Thread Group 1-31 
2010/07/01 14:51:28 INFO  - jmeter.engine.StandardJMeterEngine: Ending thread Thread Group 1-33 
2010/07/01 14:51:28 INFO  - jmeter.engine.StandardJMeterEngine: Ending thread Thread Group 1-45 
2010/07/01 14:51:28 INFO  - jmeter.engine.StandardJMeterEngine: Ending thread Thread Group 1-30 
2010/07/01 14:51:28 INFO  - jmeter.engine.StandardJMeterEngine: Ending thread Thread Group 1-43 
2010/07/01 14:51:28 INFO  - jmeter.engine.StandardJMeterEngine: Ending thread Thread Group 1-23 
2010/07/01 14:51:28 INFO  - jmeter.engine.StandardJMeterEngine: Ending thread Thread Group 1-18 
2010/07/01 14:51:29 INFO  - jmeter.engine.StandardJMeterEngine: Ending thread Thread Group 1-41 
2010/07/01 14:51:29 ERROR - jmeter.threads.JMeterThread: Test failed! java.lang.OutOfMemoryError: Java heap space

2010/07/01 14:51:29 INFO  - jmeter.threads.JMeterThread: Thread finished: Thread Group 1-7 
2010/07/01 14:51:29 INFO  - jmeter.engine.StandardJMeterEngine: Ending thread Thread Group 1-7 
2010/07/01 14:51:32 ERROR - jmeter.threads.JMeterThread: Test failed! java.lang.OutOfMemoryError: Java heap space

2010/07/01 14:51:32 INFO  - jmeter.threads.JMeterThread: Thread finished: Thread Group 1-13 
2010/07/01 14:51:35 ERROR - jmeter.threads.JMeterThread: Test failed! java.lang.OutOfMemoryError: Java heap space

2010/07/01 14:51:35 INFO  - jmeter.engine.StandardJMeterEngine: Ending thread Thread Group 1-13 
2010/07/01 14:51:35 INFO  - jmeter.threads.JMeterThread: Thread finished: Thread Group 1-46 
2010/07/01 14:51:35 INFO  - jmeter.engine.StandardJMeterEngine: Ending thread Thread Group 1-46 
2010/07/01 14:51:41 ERROR - jmeter.threads.JMeterThread: Test failed! java.lang.OutOfMemoryError: Java heap space

2010/07/01 14:51:41 INFO  - jmeter.threads.JMeterThread: Thread finished: Thread Group 1-16 
2010/07/01 14:51:41 INFO  - jmeter.engine.StandardJMeterEngine: Ending thread Thread Group 1-16 
2010/07/01 14:51:43 ERROR - jmeter.threads.JMeterThread: Test failed! java.lang.OutOfMemoryError: Java heap space

2010/07/01 14:51:43 INFO  - jmeter.threads.JMeterThread: Thread finished: Thread Group 1-22 
2010/07/01 14:51:43 INFO  - jmeter.engine.StandardJMeterEngine: Ending thread Thread Group 1-22 
2010/07/01 14:51:46 ERROR - jmeter.threads.JMeterThread: Test failed! java.lang.OutOfMemoryError: Java heap space

2010/07/01 14:51:46 INFO  - jmeter.threads.JMeterThread: Thread finished: Thread Group 1-19 
2010/07/01 14:51:46 INFO  - jmeter.engine.StandardJMeterEngine: Ending thread Thread Group 1-19 
2010/07/01 14:51:46 ERROR - jmeter.threads.JMeterThread: Test failed! java.lang.OutOfMemoryError: Java heap space

2010/07/01 14:51:46 INFO  - jmeter.threads.JMeterThread: Thread finished: Thread Group 1-15 
2010/07/01 14:51:46 INFO  - jmeter.engine.StandardJMeterEngine: Ending thread Thread Group 1-15 
2010/07/01 14:51:49 ERROR - jmeter.threads.JMeterThread: Test failed! java.lang.OutOfMemoryError: Java heap space

2010/07/01 14:51:49 INFO  - jmeter.threads.JMeterThread: Thread finished: Thread Group 1-9 
2010/07/01 14:51:49 INFO  - jmeter.protocol.http.sampler.HTTPSampler: Error Response Code: 404 
2010/07/01 14:51:49 INFO  - jmeter.engine.StandardJMeterEngine: Ending thread Thread Group 1-9 
2010/07/01 14:51:49 ERROR - jmeter.threads.JMeterThread: Test failed! java.lang.OutOfMemoryError: Java heap space

2010/07/01 14:51:49 INFO  - jmeter.threads.JMeterThread: Thread finished: Thread Group 1-40 
2010/07/01 14:51:49 INFO  - jmeter.engine.StandardJMeterEngine: Ending thread Thread Group 1-40 
2010/07/01 14:52:01 ERROR - jmeter.threads.JMeterThread: Test failed! java.lang.OutOfMemoryError: Java heap space

2010/07/01 14:52:05 INFO  - jmeter.threads.JMeterThread: Thread finished: Thread Group 1-8 
2010/07/01 14:52:05 INFO  - jmeter.engine.StandardJMeterEngine: Ending thread Thread Group 1-8 
2010/07/01 14:52:04 ERROR - jmeter.threads.JMeterThread: Test failed! java.lang.OutOfMemoryError: Java heap space

2010/07/01 14:52:05 INFO  - jmeter.threads.JMeterThread: Thread finished: Thread Group 1-4 
2010/07/01 14:52:05 INFO  - jmeter.engine.StandardJMeterEngine: Ending thread Thread Group 1-4 
2010/07/01 14:52:02 ERROR - jmeter.threads.JMeterThread: Test failed! java.lang.OutOfMemoryError: Java heap space

2010/07/01 14:52:07 INFO  - jmeter.threads.JMeterThread: Thread finished: Thread Group 1-20 
2010/07/01 14:52:06 ERROR - jmeter.threads.JMeterThread: Test failed! java.lang.OutOfMemoryError: Java heap space

2010/07/01 14:52:07 INFO  - jmeter.threads.JMeterThread: Thread finished: Thread Group 1-34 
2010/07/01 14:52:07 INFO  - jmeter.engine.StandardJMeterEngine: Ending thread Thread Group 1-34 
2010/07/01 14:52:07 INFO  - jmeter.engine.StandardJMeterEngine: Ending thread Thread Group 1-20 
2010/07/01 14:52:12 ERROR - jmeter.threads.JMeterThread: Test failed! java.lang.OutOfMemoryError: Java heap space

2010/07/01 14:52:12 INFO  - jmeter.threads.JMeterThread: Thread finished: Thread Group 1-29 
2010/07/01 14:52:12 INFO  - jmeter.engine.StandardJMeterEngine: Ending thread Thread Group 1-29 
2010/07/01 14:52:15 ERROR - jmeter.threads.JMeterThread: Test failed! java.lang.OutOfMemoryError: Java heap space

2010/07/01 14:52:16 INFO  - jmeter.threads.JMeterThread: Thread finished: Thread Group 1-42 
2010/07/01 14:52:16 INFO  - jmeter.engine.StandardJMeterEngine: Ending thread Thread Group 1-42 
2010/07/01 14:52:21 ERROR - jmeter.threads.JMeterThread: Test failed! java.lang.OutOfMemoryError: Java heap space

2010/07/01 14:52:22 INFO  - jmeter.threads.JMeterThread: Thread finished: Thread Group 1-32 
2010/07/01 14:52:22 INFO  - jmeter.engine.StandardJMeterEngine: Ending thread Thread Group 1-32 
2010/07/01 14:52:22 ERROR - jmeter.threads.JMeterThread: Test failed! java.lang.OutOfMemoryError: Java heap space

2010/07/01 14:52:22 INFO  - jmeter.threads.JMeterThread: Thread finished: Thread Group 1-11 
2010/07/01 14:52:22 INFO  - jmeter.engine.StandardJMeterEngine: Ending thread Thread Group 1-11 
2010/07/01 14:52:25 ERROR - jmeter.threads.JMeterThread: Test failed! java.lang.OutOfMemoryError: Java heap space

2010/07/01 14:52:25 INFO  - jmeter.threads.JMeterThread: Thread finished: Thread Group 1-12 
2010/07/01 14:52:25 INFO  - jmeter.engine.StandardJMeterEngine: Ending thread Thread Group 1-12 
2010/07/01 14:52:28 INFO  - jmeter.protocol.http.sampler.HTTPSampler: Error Response Code: 404 
2010/07/01 14:52:32 ERROR - jmeter.threads.JMeterThread: Test failed! java.lang.OutOfMemoryError: Java heap space

2010/07/01 14:52:32 INFO  - jmeter.threads.JMeterThread: Thread finished: Thread Group 1-21 
2010/07/01 14:52:32 INFO  - jmeter.engine.StandardJMeterEngine: Ending thread Thread Group 1-21 
2010/07/01 14:52:35 ERROR - jmeter.threads.JMeterThread: Test failed! java.lang.OutOfMemoryError: Java heap space

2010/07/01 14:52:35 INFO  - jmeter.threads.JMeterThread: Thread finished: Thread Group 1-6 
2010/07/01 14:52:35 INFO  - jmeter.engine.StandardJMeterEngine: Ending thread Thread Group 1-6 
2010/07/01 14:52:35 INFO  - jmeter.engine.StandardJMeterEngine: Stopping test 
2010/07/01 14:52:35 INFO  - jmeter.engine.StandardJMeterEngine: Notifying test listeners of end of test 
2010/07/01 14:52:35 INFO  - jmeter.gui.util.JMeterMenuBar: setRunning(false,*local*) 
2010/07/01 14:52:35 INFO  - jmeter.engine.StandardJMeterEngine: Test has ended 
2010/07/01 14:54:05 INFO  - jmeter.engine.StandardJMeterEngine: Running the test! 
2010/07/01 14:54:05 INFO  - jmeter.gui.util.JMeterMenuBar: setRunning(true,*local*) 
2010/07/01 14:54:05 INFO  - jmeter.engine.StandardJMeterEngine: Starting 25 threads for group Thread Group. Ramp up = 50. 
2010/07/01 14:54:05 INFO  - jmeter.engine.StandardJMeterEngine: Thread will continue on error 
2010/07/01 14:54:05 INFO  - jmeter.threads.JMeterThread: Thread started: Thread Group 1-1 
2010/07/01 14:54:05 INFO  - jmeter.engine.StandardJMeterEngine: All threads have been started 
2010/07/01 14:54:07 INFO  - jmeter.threads.JMeterThread: Thread started: Thread Group 1-2 
2010/07/01 14:54:09 INFO  - jmeter.threads.JMeterThread: Thread started: Thread Group 1-3 
2010/07/01 14:54:11 INFO  - jmeter.threads.JMeterThread: Thread started: Thread Group 1-4 
2010/07/01 14:54:13 INFO  - jmeter.threads.JMeterThread: Thread started: Thread Group 1-5 
2010/07/01 14:54:15 INFO  - jmeter.threads.JMeterThread: Thread started: Thread Group 1-6 
2010/07/01 14:54:17 INFO  - jmeter.threads.JMeterThread: Thread started: Thread Group 1-7 
2010/07/01 14:54:19 INFO  - jmeter.threads.JMeterThread: Thread started: Thread Group 1-8 
2010/07/01 14:54:21 INFO  - jmeter.threads.JMeterThread: Thread started: Thread Group 1-9 
2010/07/01 14:54:23 INFO  - jmeter.threads.JMeterThread: Thread started: Thread Group 1-10 
2010/07/01 14:54:25 INFO  - jmeter.threads.JMeterThread: Thread started: Thread Group 1-11 
2010/07/01 14:54:27 INFO  - jmeter.threads.JMeterThread: Thread started: Thread Group 1-12 
2010/07/01 14:54:29 INFO  - jmeter.threads.JMeterThread: Thread started: Thread Group 1-13 
2010/07/01 14:54:31 INFO  - jmeter.threads.JMeterThread: Thread started: Thread Group 1-14 
2010/07/01 14:54:31 INFO  - jmeter.protocol.http.sampler.HTTPSampler: Error Response Code: 404 
2010/07/01 14:54:33 INFO  - jmeter.threads.JMeterThread: Thread started: Thread Group 1-15 
2010/07/01 14:54:35 INFO  - jmeter.threads.JMeterThread: Thread started: Thread Group 1-16 
2010/07/01 14:54:37 INFO  - jmeter.threads.JMeterThread: Thread started: Thread Group 1-17 
2010/07/01 14:54:39 INFO  - jmeter.threads.JMeterThread: Thread started: Thread Group 1-18 
2010/07/01 14:54:41 INFO  - jmeter.threads.JMeterThread: Thread started: Thread Group 1-19 
2010/07/01 14:54:43 INFO  - jmeter.threads.JMeterThread: Thread started: Thread Group 1-20 
2010/07/01 14:54:44 INFO  - jmeter.protocol.http.sampler.HTTPSampler: Error Response Code: 404 
2010/07/01 14:54:45 INFO  - jmeter.threads.JMeterThread: Thread started: Thread Group 1-21 
2010/07/01 14:54:47 INFO  - jmeter.threads.JMeterThread: Thread started: Thread Group 1-22 
2010/07/01 14:54:49 INFO  - jmeter.threads.JMeterThread: Thread started: Thread Group 1-23 
2010/07/01 14:54:51 INFO  - jmeter.threads.JMeterThread: Thread started: Thread Group 1-24 
2010/07/01 14:54:53 INFO  - jmeter.threads.JMeterThread: Thread started: Thread Group 1-25 
2010/07/01 14:55:02 INFO  - jmeter.protocol.http.sampler.HTTPSampler: Error Response Code: 404 
2010/07/01 14:55:19 INFO  - jmeter.protocol.http.sampler.HTTPSampler: Error Response Code: 404 
2010/07/01 14:55:32 INFO  - jmeter.protocol.http.sampler.HTTPSampler: Error Response Code: 404 
2010/07/01 14:55:44 INFO  - jmeter.protocol.http.sampler.HTTPSampler: Error Response Code: 404 
2010/07/01 14:55:53 INFO  - jmeter.protocol.http.sampler.HTTPSampler: Error Response Code: 404 
2010/07/01 14:55:59 INFO  - jmeter.protocol.http.sampler.HTTPSampler: Error Response Code: 404 
2010/07/01 14:56:06 INFO  - jmeter.protocol.http.sampler.HTTPSampler: Error Response Code: 404 
2010/07/01 14:56:09 INFO  - jmeter.protocol.http.sampler.HTTPSampler: Error Response Code: 404 
2010/07/01 14:56:14 INFO  - jmeter.protocol.http.sampler.HTTPSampler: Error Response Code: 404 
2010/07/01 14:56:20 INFO  - jmeter.protocol.http.sampler.HTTPSampler: Error Response Code: 404 
2010/07/01 14:56:24 INFO  - jmeter.protocol.http.sampler.HTTPSampler: Error Response Code: 404 
2010/07/01 14:56:28 INFO  - jmeter.protocol.http.sampler.HTTPSampler: Error Response Code: 404 
2010/07/01 14:56:33 INFO  - jmeter.protocol.http.sampler.HTTPSampler: Error Response Code: 404 
2010/07/01 14:56:34 INFO  - jmeter.protocol.http.sampler.HTTPSampler: Error Response Code: 404 
2010/07/01 14:56:37 INFO  - jmeter.protocol.http.sampler.HTTPSampler: Error Response Code: 404 
2010/07/01 14:56:40 INFO  - jmeter.protocol.http.sampler.HTTPSampler: Error Response Code: 404 
2010/07/01 14:56:40 INFO  - jmeter.protocol.http.sampler.HTTPSampler: Error Response Code: 404 
2010/07/01 14:56:40 INFO  - jmeter.protocol.http.sampler.HTTPSampler: Error Response Code: 404 
2010/07/01 14:56:44 INFO  - jmeter.protocol.http.sampler.HTTPSampler: Error Response Code: 404 
2010/07/01 14:56:46 INFO  - jmeter.protocol.http.sampler.HTTPSampler: Error Response Code: 404 
2010/07/01 14:56:49 INFO  - jmeter.protocol.http.sampler.HTTPSampler: Error Response Code: 404 
2010/07/01 14:56:52 INFO  - jmeter.protocol.http.sampler.HTTPSampler: Error Response Code: 404 
2010/07/01 14:56:53 INFO  - jmeter.protocol.http.sampler.HTTPSampler: Error Response Code: 404 
2010/07/01 14:56:57 INFO  - jmeter.protocol.http.sampler.HTTPSampler: Error Response Code: 404 
2010/07/01 14:57:00 INFO  - jmeter.protocol.http.sampler.HTTPSampler: Error Response Code: 404 
2010/07/01 14:57:17 INFO  - jmeter.protocol.http.sampler.HTTPSampler: Error Response Code: 404 
2010/07/01 14:57:33 INFO  - jmeter.protocol.http.sampler.HTTPSampler: Error Response Code: 404 
2010/07/01 14:57:47 INFO  - jmeter.protocol.http.sampler.HTTPSampler: Error Response Code: 404 
2010/07/01 14:57:58 INFO  - jmeter.protocol.http.sampler.HTTPSampler: Error Response Code: 404 
2010/07/01 14:58:12 INFO  - jmeter.protocol.http.sampler.HTTPSampler: Error Response Code: 404 
2010/07/01 14:58:13 INFO  - jmeter.protocol.http.sampler.HTTPSampler: Error Response Code: 404 
2010/07/01 14:58:19 INFO  - jmeter.protocol.http.sampler.HTTPSampler: Error Response Code: 404 
2010/07/01 14:58:24 INFO  - jmeter.protocol.http.sampler.HTTPSampler: Error Response Code: 404 
2010/07/01 14:58:29 INFO  - jmeter.protocol.http.sampler.HTTPSampler: Error Response Code: 404 
2010/07/01 14:58:35 INFO  - jmeter.protocol.http.sampler.HTTPSampler: Error Response Code: 404 
2010/07/01 14:58:37 INFO  - jmeter.protocol.http.sampler.HTTPSampler: Error Response Code: 404 
2010/07/01 14:58:43 INFO  - jmeter.protocol.http.sampler.HTTPSampler: Error Response Code: 404 
2010/07/01 14:58:47 INFO  - jmeter.protocol.http.sampler.HTTPSampler: Error Response Code: 404 
2010/07/01 14:58:49 INFO  - jmeter.protocol.http.sampler.HTTPSampler: Error Response Code: 404 
2010/07/01 14:58:51 INFO  - jmeter.protocol.http.sampler.HTTPSampler: Error Response Code: 404 
2010/07/01 14:58:53 INFO  - jmeter.protocol.http.sampler.HTTPSampler: Error Response Code: 404 
2010/07/01 14:58:56 INFO  - jmeter.protocol.http.sampler.HTTPSampler: Error Response Code: 404 
2010/07/01 14:58:57 INFO  - jmeter.protocol.http.sampler.HTTPSampler: Error Response Code: 404 
2010/07/01 14:59:00 INFO  - jmeter.protocol.http.sampler.HTTPSampler: Error Response Code: 404 
2010/07/01 14:59:03 INFO  - jmeter.protocol.http.sampler.HTTPSampler: Error Response Code: 404 
2010/07/01 14:59:06 INFO  - jmeter.protocol.http.sampler.HTTPSampler: Error Response Code: 404 
2010/07/01 14:59:08 INFO  - jmeter.protocol.http.sampler.HTTPSampler: Error Response Code: 404 
2010/07/01 14:59:08 INFO  - jmeter.protocol.http.sampler.HTTPSampler: Error Response Code: 404 
2010/07/01 14:59:12 INFO  - jmeter.protocol.http.sampler.HTTPSampler: Error Response Code: 404 
2010/07/01 14:59:15 INFO  - jmeter.protocol.http.sampler.HTTPSampler: Error Response Code: 404 
2010/07/01 14:59:30 INFO  - jmeter.protocol.http.sampler.HTTPSampler: Error Response Code: 404 
2010/07/01 14:59:47 INFO  - jmeter.protocol.http.sampler.HTTPSampler: Error Response Code: 404 
2010/07/01 15:00:03 INFO  - jmeter.protocol.http.sampler.HTTPSampler: Error Response Code: 404 
2010/07/01 15:00:15 INFO  - jmeter.protocol.http.sampler.HTTPSampler: Error Response Code: 404 
2010/07/01 15:00:26 INFO  - jmeter.protocol.http.sampler.HTTPSampler: Error Response Code: 404 
2010/07/01 15:00:27 INFO  - jmeter.gui.action.Start: Stopping test 
2010/07/01 15:00:27 INFO  - jmeter.threads.JMeterThread: Stopping: Thread Group 1-2 
2010/07/01 15:00:27 INFO  - jmeter.threads.JMeterThread: Stopping: Thread Group 1-18 
2010/07/01 15:00:27 INFO  - jmeter.threads.JMeterThread: Stopping: Thread Group 1-25 
2010/07/01 15:00:27 WARN  - jmeter.threads.JMeterThread: Interrupting: Thread Group 1-25 sampler: Agent Customize 
2010/07/01 15:00:27 WARN  - jmeter.threads.JMeterThread: The delay timer was interrupted - probably did not wait as long as intended. 
2010/07/01 15:00:27 INFO  - jmeter.threads.JMeterThread: Stopping: Thread Group 1-22 
2010/07/01 15:00:27 WARN  - jmeter.threads.JMeterThread: Interrupting: Thread Group 1-22 sampler: Agent Integrate 
2010/07/01 15:00:27 INFO  - jmeter.threads.JMeterThread: Stopping: Thread Group 1-11 
2010/07/01 15:00:27 WARN  - jmeter.threads.JMeterThread: The delay timer was interrupted - probably did not wait as long as intended. 
2010/07/01 15:00:27 ERROR - jmeter.protocol.http.sampler.HTTPSampler: readResponse: java.net.SocketException: Socket closed 
2010/07/01 15:00:27 ERROR - jmeter.protocol.http.sampler.HTTPSampler: Cause: java.net.SocketException: Socket closed 
2010/07/01 15:00:27 WARN  - jmeter.threads.JMeterThread: Interrupting: Thread Group 1-11 sampler: Upgrade 
2010/07/01 15:00:27 INFO  - jmeter.threads.JMeterThread: Stopping: Thread Group 1-8 
2010/07/01 15:00:27 INFO  - jmeter.threads.JMeterThread: Stopping: Thread Group 1-4 
2010/07/01 15:00:27 WARN  - jmeter.threads.JMeterThread: The delay timer was interrupted - probably did not wait as long as intended. 
2010/07/01 15:00:27 WARN  - jmeter.threads.JMeterThread: The delay timer was interrupted - probably did not wait as long as intended. 
2010/07/01 15:00:27 INFO  - jmeter.threads.JMeterThread: Stopping: Thread Group 1-1 
2010/07/01 15:00:27 WARN  - jmeter.threads.JMeterThread: Interrupting: Thread Group 1-1 sampler: Agent - Reporting 
2010/07/01 15:00:27 INFO  - jmeter.threads.JMeterThread: Stopping: Thread Group 1-16 
2010/07/01 15:00:27 INFO  - jmeter.threads.JMeterThread: Stopping: Thread Group 1-14 
2010/07/01 15:00:27 ERROR - jmeter.protocol.http.sampler.HTTPSampler: readResponse: java.net.SocketException: Socket closed 
2010/07/01 15:00:27 WARN  - jmeter.threads.JMeterThread: The delay timer was interrupted - probably did not wait as long as intended. 
2010/07/01 15:00:27 WARN  - jmeter.threads.JMeterThread: Interrupting: Thread Group 1-14 sampler: Billing and Payment 
2010/07/01 15:00:27 ERROR - jmeter.protocol.http.sampler.HTTPSampler: Cause: java.net.SocketException: Socket closed 
2010/07/01 15:00:27 INFO  - jmeter.threads.JMeterThread: Stopping: Thread Group 1-19 
2010/07/01 15:00:27 INFO  - jmeter.threads.JMeterThread: Stopping: Thread Group 1-7 
2010/07/01 15:00:27 INFO  - jmeter.threads.JMeterThread: Stopping: Thread Group 1-20 
2010/07/01 15:00:27 INFO  - jmeter.threads.JMeterThread: Stopping: Thread Group 1-24 
2010/07/01 15:00:27 INFO  - jmeter.threads.JMeterThread: Stopping: Thread Group 1-12 
2010/07/01 15:00:27 WARN  - jmeter.threads.JMeterThread: Interrupting: Thread Group 1-12 sampler: Cancel Account 
2010/07/01 15:00:27 INFO  - jmeter.threads.JMeterThread: Stopping: Thread Group 1-15 
2010/07/01 15:00:27 INFO  - jmeter.threads.JMeterThread: Stopping: Thread Group 1-10 
2010/07/01 15:00:27 WARN  - jmeter.threads.JMeterThread: Interrupting: Thread Group 1-10 sampler: Upgrade 
2010/07/01 15:00:27 INFO  - jmeter.threads.JMeterThread: Stopping: Thread Group 1-5 
2010/07/01 15:00:27 INFO  - jmeter.threads.JMeterThread: Stopping: Thread Group 1-23 
2010/07/01 15:00:27 INFO  - jmeter.threads.JMeterThread: Stopping: Thread Group 1-6 
2010/07/01 15:00:27 INFO  - jmeter.threads.JMeterThread: Stopping: Thread Group 1-13 
2010/07/01 15:00:27 INFO  - jmeter.threads.JMeterThread: Stopping: Thread Group 1-3 
2010/07/01 15:00:27 INFO  - jmeter.threads.JMeterThread: Stopping: Thread Group 1-9 
2010/07/01 15:00:27 INFO  - jmeter.threads.JMeterThread: Stopping: Thread Group 1-17 
2010/07/01 15:00:27 INFO  - jmeter.threads.JMeterThread: Stopping: Thread Group 1-21 
2010/07/01 15:00:27 WARN  - jmeter.threads.JMeterThread: The delay timer was interrupted - probably did not wait as long as intended. 
2010/07/01 15:00:27 WARN  - jmeter.threads.JMeterThread: The delay timer was interrupted - probably did not wait as long as intended. 
2010/07/01 15:00:27 WARN  - jmeter.threads.JMeterThread: The delay timer was interrupted - probably did not wait as long as intended. 
2010/07/01 15:00:27 WARN  - jmeter.threads.JMeterThread: The delay timer was interrupted - probably did not wait as long as intended. 
2010/07/01 15:00:27 WARN  - jmeter.threads.JMeterThread: The delay timer was interrupted - probably did not wait as long as intended. 
2010/07/01 15:00:27 WARN  - jmeter.threads.JMeterThread: The delay timer was interrupted - probably did not wait as long as intended. 
2010/07/01 15:00:27 WARN  - jmeter.threads.JMeterThread: The delay timer was interrupted - probably did not wait as long as intended. 
2010/07/01 15:00:27 WARN  - jmeter.threads.JMeterThread: The delay timer was interrupted - probably did not wait as long as intended. 
2010/07/01 15:00:27 WARN  - jmeter.threads.JMeterThread: The delay timer was interrupted - probably did not wait as long as intended. 
2010/07/01 15:00:27 WARN  - jmeter.threads.JMeterThread: The delay timer was interrupted - probably did not wait as long as intended. 
2010/07/01 15:00:27 WARN  - jmeter.threads.JMeterThread: The delay timer was interrupted - probably did not wait as long as intended. 
2010/07/01 15:00:27 WARN  - jmeter.threads.JMeterThread: The delay timer was interrupted - probably did not wait as long as intended. 
2010/07/01 15:00:27 WARN  - jmeter.threads.JMeterThread: The delay timer was interrupted - probably did not wait as long as intended. 
2010/07/01 15:00:27 INFO  - jmeter.threads.JMeterThread: Thread finished: Thread Group 1-8 
2010/07/01 15:00:27 INFO  - jmeter.engine.StandardJMeterEngine: Ending thread Thread Group 1-8 
2010/07/01 15:00:27 INFO  - jmeter.threads.JMeterThread: Thread finished: Thread Group 1-25 
2010/07/01 15:00:27 INFO  - jmeter.engine.StandardJMeterEngine: Ending thread Thread Group 1-25 
2010/07/01 15:00:27 INFO  - jmeter.threads.JMeterThread: Thread finished: Thread Group 1-3 
2010/07/01 15:00:27 INFO  - jmeter.engine.StandardJMeterEngine: Ending thread Thread Group 1-3 
2010/07/01 15:00:27 INFO  - jmeter.threads.JMeterThread: Thread finished: Thread Group 1-10 
2010/07/01 15:00:27 INFO  - jmeter.engine.StandardJMeterEngine: Ending thread Thread Group 1-10 
2010/07/01 15:00:28 INFO  - jmeter.threads.JMeterThread: Thread finished: Thread Group 1-11 
2010/07/01 15:00:28 INFO  - jmeter.engine.StandardJMeterEngine: Ending thread Thread Group 1-11 
2010/07/01 15:00:28 INFO  - jmeter.threads.JMeterThread: Thread finished: Thread Group 1-1 
2010/07/01 15:00:28 INFO  - jmeter.engine.StandardJMeterEngine: Ending thread Thread Group 1-1 
2010/07/01 15:00:28 INFO  - jmeter.threads.JMeterThread: Thread finished: Thread Group 1-22 
2010/07/01 15:00:28 INFO  - jmeter.engine.StandardJMeterEngine: Ending thread Thread Group 1-22 
2010/07/01 15:00:29 INFO  - jmeter.threads.JMeterThread: Thread finished: Thread Group 1-14 
2010/07/01 15:00:29 INFO  - jmeter.engine.StandardJMeterEngine: Ending thread Thread Group 1-14 
2010/07/01 15:00:29 INFO  - jmeter.threads.JMeterThread: Thread finished: Thread Group 1-9 
2010/07/01 15:00:29 INFO  - jmeter.engine.StandardJMeterEngine: Ending thread Thread Group 1-9 
2010/07/01 15:00:29 INFO  - jmeter.protocol.http.sampler.HTTPSampler: Error Response Code: 404 
2010/07/01 15:00:29 INFO  - jmeter.threads.JMeterThread: Thread finished: Thread Group 1-7 
2010/07/01 15:00:29 INFO  - jmeter.engine.StandardJMeterEngine: Ending thread Thread Group 1-7 
2010/07/01 15:00:29 INFO  - jmeter.threads.JMeterThread: Thread finished: Thread Group 1-18 
2010/07/01 15:00:29 INFO  - jmeter.engine.StandardJMeterEngine: Ending thread Thread Group 1-18 
2010/07/01 15:00:29 INFO  - jmeter.threads.JMeterThread: Thread finished: Thread Group 1-4 
2010/07/01 15:00:29 INFO  - jmeter.engine.StandardJMeterEngine: Ending thread Thread Group 1-4 
2010/07/01 15:00:29 INFO  - jmeter.threads.JMeterThread: Thread finished: Thread Group 1-16 
2010/07/01 15:00:29 INFO  - jmeter.engine.StandardJMeterEngine: Ending thread Thread Group 1-16 
2010/07/01 15:00:29 INFO  - jmeter.threads.JMeterThread: Thread finished: Thread Group 1-12 
2010/07/01 15:00:29 INFO  - jmeter.engine.StandardJMeterEngine: Ending thread Thread Group 1-12 
2010/07/01 15:00:30 INFO  - jmeter.threads.JMeterThread: Thread finished: Thread Group 1-6 
2010/07/01 15:00:30 INFO  - jmeter.engine.StandardJMeterEngine: Ending thread Thread Group 1-6 
2010/07/01 15:00:30 INFO  - jmeter.threads.JMeterThread: Thread finished: Thread Group 1-17 
2010/07/01 15:00:30 INFO  - jmeter.engine.StandardJMeterEngine: Ending thread Thread Group 1-17 
2010/07/01 15:00:30 INFO  - jmeter.threads.JMeterThread: Thread finished: Thread Group 1-13 
2010/07/01 15:00:30 INFO  - jmeter.engine.StandardJMeterEngine: Ending thread Thread Group 1-13 
2010/07/01 15:00:30 INFO  - jmeter.threads.JMeterThread: Thread finished: Thread Group 1-19 
2010/07/01 15:00:30 INFO  - jmeter.engine.StandardJMeterEngine: Ending thread Thread Group 1-19 
2010/07/01 15:00:30 INFO  - jmeter.threads.JMeterThread: Thread finished: Thread Group 1-2 
2010/07/01 15:00:30 INFO  - jmeter.engine.StandardJMeterEngine: Ending thread Thread Group 1-2 
2010/07/01 15:00:30 INFO  - jmeter.threads.JMeterThread: Thread finished: Thread Group 1-20 
2010/07/01 15:00:30 INFO  - jmeter.engine.StandardJMeterEngine: Ending thread Thread Group 1-20 
2010/07/01 15:00:30 INFO  - jmeter.threads.JMeterThread: Thread finished: Thread Group 1-24 
2010/07/01 15:00:30 INFO  - jmeter.engine.StandardJMeterEngine: Ending thread Thread Group 1-24 
2010/07/01 15:00:30 INFO  - jmeter.threads.JMeterThread: Thread finished: Thread Group 1-15 
2010/07/01 15:00:30 INFO  - jmeter.engine.StandardJMeterEngine: Ending thread Thread Group 1-15 
2010/07/01 15:00:30 INFO  - jmeter.threads.JMeterThread: Thread finished: Thread Group 1-21 
2010/07/01 15:00:30 INFO  - jmeter.engine.StandardJMeterEngine: Ending thread Thread Group 1-21 
2010/07/01 15:00:30 INFO  - jmeter.threads.JMeterThread: Thread finished: Thread Group 1-5 
2010/07/01 15:00:30 INFO  - jmeter.engine.StandardJMeterEngine: Ending thread Thread Group 1-5 
2010/07/01 15:00:30 INFO  - jmeter.threads.JMeterThread: Thread finished: Thread Group 1-23 
2010/07/01 15:00:30 INFO  - jmeter.engine.StandardJMeterEngine: Ending thread Thread Group 1-23 
2010/07/01 15:00:30 INFO  - jmeter.engine.StandardJMeterEngine: Stopping test 
2010/07/01 15:00:30 INFO  - jmeter.engine.StandardJMeterEngine: Notifying test listeners of end of test 
2010/07/01 15:00:30 INFO  - jmeter.gui.util.JMeterMenuBar: setRunning(false,*local*) 
2010/07/01 15:00:30 INFO  - jmeter.engine.StandardJMeterEngine: Test has ended 
